app/build/outputs/logs/manifest-merger-debug-report.txt
-- Merging decision tree log ---
manifest
ADDED from src\main\AndroidManifest.xml:2:1-58:12
INJECTED from src\main\AndroidManifest.xml:2:1-58:12
INJECTED from src\main\AndroidManifest.xml:2:1-58:12
INJECTED from src\main\AndroidManifest.xml:2:1-58:12
MERGED from [com.android.support:design:27.1.1] AndroidManifest.xml:17:1-22:12
MERGED from [com.android.support:appcompat-v7:27.1.1] AndroidManifest.xml:17:1-22:12
MERGED from [com.android.support.constraint:constraint-layout:1.1.2] AndroidManifest.xml:2:1-11:12
MERGED from [com.android.volley:volley:1.1.0] AndroidManifest.xml:2:1-11:12
MERGED from [com.android.support:cardview-v7:27.1.1] AndroidManifest.xml:17:1-22:12
MERGED from [com.android.support:recyclerview-v7:27.1.1] AndroidManifest.xml:17:1-22:12
MERGED from [com.google.firebase:firebase-database:16.0.1] AndroidManifest.xml:2:1-8:12
MERGED from [com.google.firebase:firebase-messaging:17.1.0] AndroidManifest.xml:17:1-37:12
MERGED from [com.google.firebase:firebase-database-connection:16.0.1] AndroidManifest.xml:2:1-10:12
MERGED from [com.google.firebase:firebase-iid:16.2.0] AndroidManifest.xml:17:1-65:12
MERGED from [com.google.firebase:firebase-common:16.0.0] AndroidManifest.xml:2:1-16:12
MERGED from [com.google.firebase:firebase-iid-interop:16.0.0] AndroidManifest.xml:2:1-10:12
MERGED from [com.google.android.gms:play-services-base:15.0.1] AndroidManifest.xml:17:1-29:12
MERGED from [com.google.android.gms:play-services-tasks:15.0.1] AndroidManifest.xml:2:1-9:12
MERGED from [com.google.firebase:firebase-database-collection:15.0.1] AndroidManifest.xml:2:1-8:12
MERGED from [com.google.firebase:firebase-measurement-connector:16.0.0] AndroidManifest.xml:17:1-25:12
MERGED from [com.google.android.gms:play-services-stats:15.0.1] AndroidManifest.xml:2:1-9:12
MERGED from [com.google.android.gms:play-services-basement:15.0.1] AndroidManifest.xml:17:1-28:12
MERGED from [com.android.support:support-v4:27.1.1] AndroidManifest.xml:17:1-22:12
MERGED from [com.android.support:support-fragment:27.1.1] AndroidManifest.xml:17:1-22:12
MERGED from [com.android.support:animated-vector-drawable:27.1.1] AndroidManifest.xml:17:1-22:12
MERGED from [com.android.support:support-core-ui:27.1.1] AndroidManifest.xml:17:1-22:12
MERGED from [com.android.support:support-core-utils:27.1.1] AndroidManifest.xml:17:1-22:12
MERGED from [com.android.support:support-vector-drawable:27.1.1] AndroidManifest.xml:17:1-22:12
MERGED from [com.android.support:transition:27.1.1] AndroidManifest.xml:17:1-22:12
MERGED from [com.android.support:support-media-compat:27.1.1] AndroidManifest.xml:17:1-22:12
MERGED from [com.android.support:support-compat:27.1.1] AndroidManifest.xml:17:1-22:12
MERGED from [android.arch.lifecycle:livedata-core:1.1.0] AndroidManifest.xml:17:1-22:12
MERGED from [android.arch.lifecycle:viewmodel:1.1.0] AndroidManifest.xml:17:1-22:12
MERGED from [android.arch.lifecycle:runtime:1.1.0] AndroidManifest.xml:17:1-22:12
MERGED from [android.arch.core:runtime:1.1.0] AndroidManifest.xml:17:1-22:12
INJECTED from src\main\AndroidManifest.xml:2:1-58:12
INJECTED from src\main\AndroidManifest.xml:2:1-58:12
INJECTED from src\main\AndroidManifest.xml:2:1-58:12
	package
		ADDED from src\main\AndroidManifest.xml:3:5-46
		INJECTED from src\main\AndroidManifest.xml
		INJECTED from src\main\AndroidManifest.xml
	android:versionName
		INJECTED from src\main\AndroidManifest.xml
		ADDED from src\main\AndroidManifest.xml:2:1-58:12
		INJECTED from src\main\AndroidManifest.xml
	android:versionCode
		INJECTED from src\main\AndroidManifest.xml
		ADDED from src\main\AndroidManifest.xml:2:1-58:12
		INJECTED from src\main\AndroidManifest.xml
	xmlns:android
		ADDED from src\main\AndroidManifest.xml:2:11-69
uses-permission#android.permission.INTERNET
ADDED from src\main\AndroidManifest.xml:4:5-67
MERGED from [com.google.firebase:firebase-database-connection:16.0.1] AndroidManifest.xml:8:5-67
MERGED from [com.google.firebase:firebase-database-connection:16.0.1] AndroidManifest.xml:8:5-67
MERGED from [com.google.firebase:firebase-iid:16.2.0] AndroidManifest.xml:23:5-67
MERGED from [com.google.firebase:firebase-iid:16.2.0] AndroidManifest.xml:23:5-67
	android:name
		ADDED from src\main\AndroidManifest.xml:4:22-64
uses-permission#android.permission.ACCESS_NETWORK_STATE
ADDED from src\main\AndroidManifest.xml:5:5-78
MERGED from [com.google.firebase:firebase-iid:16.2.0] AndroidManifest.xml:22:5-79
MERGED from [com.google.firebase:firebase-iid:16.2.0] AndroidManifest.xml:22:5-79
	android:name
		ADDED from src\main\AndroidManifest.xml:5:22-76
application
ADDED from src\main\AndroidManifest.xml:7:5-56:19
MERGED from [com.android.support.constraint:constraint-layout:1.1.2] AndroidManifest.xml:9:5-20
MERGED from [com.android.support.constraint:constraint-layout:1.1.2] AndroidManifest.xml:9:5-20
MERGED from [com.android.volley:volley:1.1.0] AndroidManifest.xml:9:5-20
MERGED from [com.android.volley:volley:1.1.0] AndroidManifest.xml:9:5-20
MERGED from [com.google.firebase:firebase-messaging:17.1.0] AndroidManifest.xml:22:5-35:19
MERGED from [com.google.firebase:firebase-messaging:17.1.0] AndroidManifest.xml:22:5-35:19
MERGED from [com.google.firebase:firebase-iid:16.2.0] AndroidManifest.xml:34:5-63:19
MERGED from [com.google.firebase:firebase-iid:16.2.0] AndroidManifest.xml:34:5-63:19
MERGED from [com.google.firebase:firebase-common:16.0.0] AndroidManifest.xml:8:5-14:19
MERGED from [com.google.firebase:firebase-common:16.0.0] AndroidManifest.xml:8:5-14:19
MERGED from [com.google.firebase:firebase-iid-interop:16.0.0] AndroidManifest.xml:7:5-8:19
MERGED from [com.google.firebase:firebase-iid-interop:16.0.0] AndroidManifest.xml:7:5-8:19
MERGED from [com.google.android.gms:play-services-base:15.0.1] AndroidManifest.xml:22:5-27:19
MERGED from [com.google.android.gms:play-services-base:15.0.1] AndroidManifest.xml:22:5-27:19
MERGED from [com.google.android.gms:play-services-tasks:15.0.1] AndroidManifest.xml:7:5-20
MERGED from [com.google.android.gms:play-services-tasks:15.0.1] AndroidManifest.xml:7:5-20
MERGED from [com.google.firebase:firebase-measurement-connector:16.0.0] AndroidManifest.xml:22:5-23:19
MERGED from [com.google.firebase:firebase-measurement-connector:16.0.0] AndroidManifest.xml:22:5-23:19
MERGED from [com.google.android.gms:play-services-stats:15.0.1] AndroidManifest.xml:7:5-20
MERGED from [com.google.android.gms:play-services-stats:15.0.1] AndroidManifest.xml:7:5-20
MERGED from [com.google.android.gms:play-services-basement:15.0.1] AndroidManifest.xml:22:5-26:19
MERGED from [com.google.android.gms:play-services-basement:15.0.1] AndroidManifest.xml:22:5-26:19
	android:supportsRtl
		ADDED from src\main\AndroidManifest.xml:14:9-35
	android:label
		ADDED from src\main\AndroidManifest.xml:11:9-41
	android:fullBackupContent
		ADDED from src\main\AndroidManifest.xml:12:9-41
	android:roundIcon
		ADDED from src\main\AndroidManifest.xml:13:9-54
	android:icon
		ADDED from src\main\AndroidManifest.xml:10:9-43
	android:allowBackup
		ADDED from src\main\AndroidManifest.xml:9:9-35
	android:theme
		ADDED from src\main\AndroidManifest.xml:15:9-40
	android:name
		ADDED from src\main\AndroidManifest.xml:8:9-69
activity#dharanyuvi.android.com.articles.MainActivity
ADDED from src\main\AndroidManifest.xml:17:9-26:20
	android:label
		ADDED from src\main\AndroidManifest.xml:19:13-45
	android:theme
		ADDED from src\main\AndroidManifest.xml:20:13-56
	android:name
		ADDED from src\main\AndroidManifest.xml:18:13-41
intent-filter#action:name:android.intent.action.MAIN+action:name:android.intent.action.VIEW+category:name:android.intent.category.LAUNCHER
ADDED from src\main\AndroidManifest.xml:21:13-25:29
action#android.intent.action.MAIN
ADDED from src\main\AndroidManifest.xml:22:17-69
	android:name
		ADDED from src\main\AndroidManifest.xml:22:25-66
action#android.intent.action.VIEW
ADDED from src\main\AndroidManifest.xml:23:17-69
	android:name
		ADDED from src\main\AndroidManifest.xml:23:25-66
category#android.intent.category.LAUNCHER
ADDED from src\main\AndroidManifest.xml:24:17-77
	android:name
		ADDED from src\main\AndroidManifest.xml:24:27-74
activity#dharanyuvi.android.com.articles.Article_Webview
ADDED from src\main\AndroidManifest.xml:28:9-35:20
	android:label
		ADDED from src\main\AndroidManifest.xml:29:13-45
	android:theme
		ADDED from src\main\AndroidManifest.xml:30:13-56
	android:name
		ADDED from src\main\AndroidManifest.xml:28:19-50
intent-filter#action:name:com.ideashower.readitlater.pro+category:name:android.intent.category.OPENABLE
ADDED from src\main\AndroidManifest.xml:31:17-34:33
action#com.ideashower.readitlater.pro
ADDED from src\main\AndroidManifest.xml:32:21-77
	android:name
		ADDED from src\main\AndroidManifest.xml:32:29-74
category#android.intent.category.OPENABLE
ADDED from src\main\AndroidManifest.xml:33:21-81
	android:name
		ADDED from src\main\AndroidManifest.xml:33:31-78
activity#dharanyuvi.android.com.articles.Settings
ADDED from src\main\AndroidManifest.xml:37:9-39:58
	android:label
		ADDED from src\main\AndroidManifest.xml:38:13-45
	android:theme
		ADDED from src\main\AndroidManifest.xml:39:13-56
	android:name
		ADDED from src\main\AndroidManifest.xml:37:19-43
activity#dharanyuvi.android.com.articles.Splash
ADDED from src\main\AndroidManifest.xml:41:9-43:58
	android:label
		ADDED from src\main\AndroidManifest.xml:42:13-45
	android:theme
		ADDED from src\main\AndroidManifest.xml:43:13-56
	android:name
		ADDED from src\main\AndroidManifest.xml:41:19-41
activity#dharanyuvi.android.com.articles.Write
ADDED from src\main\AndroidManifest.xml:45:9-47:58
	android:label
		ADDED from src\main\AndroidManifest.xml:46:13-45
	android:theme
		ADDED from src\main\AndroidManifest.xml:47:13-56
	android:name
		ADDED from src\main\AndroidManifest.xml:45:19-40
meta-data#preloaded_fonts
ADDED from src\main\AndroidManifest.xml:49:9-51:57
	android:resource
		ADDED from src\main\AndroidManifest.xml:51:13-54
	android:name
		ADDED from src\main\AndroidManifest.xml:50:13-43
receiver#dharanyuvi.android.com.articles.Broadcast
ADDED from src\main\AndroidManifest.xml:53:9-71
	android:enabled
		ADDED from src\main\AndroidManifest.xml:53:46-68
	android:name
		ADDED from src\main\AndroidManifest.xml:53:19-44
service#dharanyuvi.android.com.articles.Notification
ADDED from src\main\AndroidManifest.xml:54:9-71
	android:enabled
		ADDED from src\main\AndroidManifest.xml:54:47-69
	android:name
		ADDED from src\main\AndroidManifest.xml:54:18-46
uses-sdk
INJECTED from src\main\AndroidManifest.xml reason: use-sdk injection requested
INJECTED from src\main\AndroidManifest.xml
INJECTED from src\main\AndroidManifest.xml
MERGED from [com.android.support:design:27.1.1] AndroidManifest.xml:20:5-44
MERGED from [com.android.support:design:27.1.1] AndroidManifest.xml:20:5-44
MERGED from [com.android.support:appcompat-v7:27.1.1] AndroidManifest.xml:20:5-44
MERGED from [com.android.support:appcompat-v7:27.1.1] AndroidManifest.xml:20:5-44
MERGED from [com.android.support.constraint:constraint-layout:1.1.2] AndroidManifest.xml:5:5-7:41
MERGED from [com.android.support.constraint:constraint-layout:1.1.2] AndroidManifest.xml:5:5-7:41
MERGED from [com.android.volley:volley:1.1.0] AndroidManifest.xml:7:5-43
MERGED from [com.android.volley:volley:1.1.0] AndroidManifest.xml:7:5-43
MERGED from [com.android.support:cardview-v7:27.1.1] AndroidManifest.xml:20:5-44
MERGED from [com.android.support:cardview-v7:27.1.1] AndroidManifest.xml:20:5-44
MERGED from [com.android.support:recyclerview-v7:27.1.1] AndroidManifest.xml:20:5-44
MERGED from [com.android.support:recyclerview-v7:27.1.1] AndroidManifest.xml:20:5-44
MERGED from [com.google.firebase:firebase-database:16.0.1] AndroidManifest.xml:6:5-44
MERGED from [com.google.firebase:firebase-database:16.0.1] AndroidManifest.xml:6:5-44
MERGED from [com.google.firebase:firebase-messaging:17.1.0] AndroidManifest.xml:20:5-44
MERGED from [com.google.firebase:firebase-messaging:17.1.0] AndroidManifest.xml:20:5-44
MERGED from [com.google.firebase:firebase-database-connection:16.0.1] AndroidManifest.xml:6:5-44
MERGED from [com.google.firebase:firebase-database-connection:16.0.1] AndroidManifest.xml:6:5-44
MERGED from [com.google.firebase:firebase-iid:16.2.0] AndroidManifest.xml:20:5-44
MERGED from [com.google.firebase:firebase-iid:16.2.0] AndroidManifest.xml:20:5-44
MERGED from [com.google.firebase:firebase-common:16.0.0] AndroidManifest.xml:5:5-6:37
MERGED from [com.google.firebase:firebase-common:16.0.0] AndroidManifest.xml:5:5-6:37
MERGED from [com.google.firebase:firebase-iid-interop:16.0.0] AndroidManifest.xml:5:5-44
MERGED from [com.google.firebase:firebase-iid-interop:16.0.0] AndroidManifest.xml:5:5-44
MERGED from [com.google.android.gms:play-services-base:15.0.1] AndroidManifest.xml:20:5-44
MERGED from [com.google.android.gms:play-services-base:15.0.1] AndroidManifest.xml:20:5-44
MERGED from [com.google.android.gms:play-services-tasks:15.0.1] AndroidManifest.xml:5:5-44
MERGED from [com.google.android.gms:play-services-tasks:15.0.1] AndroidManifest.xml:5:5-44
MERGED from [com.google.firebase:firebase-database-collection:15.0.1] AndroidManifest.xml:6:5-44
MERGED from [com.google.firebase:firebase-database-collection:15.0.1] AndroidManifest.xml:6:5-44
MERGED from [com.google.firebase:firebase-measurement-connector:16.0.0] AndroidManifest.xml:20:5-44
MERGED from [com.google.firebase:firebase-measurement-connector:16.0.0] AndroidManifest.xml:20:5-44
MERGED from [com.google.android.gms:play-services-stats:15.0.1] AndroidManifest.xml:5:5-44
MERGED from [com.google.android.gms:play-services-stats:15.0.1] AndroidManifest.xml:5:5-44
MERGED from [com.google.android.gms:play-services-basement:15.0.1] AndroidManifest.xml:20:5-44
MERGED from [com.google.android.gms:play-services-basement:15.0.1] AndroidManifest.xml:20:5-44
MERGED from [com.android.support:support-v4:27.1.1] AndroidManifest.xml:20:5-44
MERGED from [com.android.support:support-v4:27.1.1] AndroidManifest.xml:20:5-44
MERGED from [com.android.support:support-fragment:27.1.1] AndroidManifest.xml:20:5-44
MERGED from [com.android.support:support-fragment:27.1.1] AndroidManifest.xml:20:5-44
MERGED from [com.android.support:animated-vector-drawable:27.1.1] AndroidManifest.xml:20:5-44
MERGED from [com.android.support:animated-vector-drawable:27.1.1] AndroidManifest.xml:20:5-44
MERGED from [com.android.support:support-core-ui:27.1.1] AndroidManifest.xml:20:5-44
MERGED from [com.android.support:support-core-ui:27.1.1] AndroidManifest.xml:20:5-44
MERGED from [com.android.support:support-core-utils:27.1.1] AndroidManifest.xml:20:5-44
MERGED from [com.android.support:support-core-utils:27.1.1] AndroidManifest.xml:20:5-44
MERGED from [com.android.support:support-vector-drawable:27.1.1] AndroidManifest.xml:20:5-44
MERGED from [com.android.support:support-vector-drawable:27.1.1] AndroidManifest.xml:20:5-44
MERGED from [com.android.support:transition:27.1.1] AndroidManifest.xml:20:5-44
MERGED from [com.android.support:transition:27.1.1] AndroidManifest.xml:20:5-44
MERGED from [com.android.support:support-media-compat:27.1.1] AndroidManifest.xml:20:5-44
MERGED from [com.android.support:support-media-compat:27.1.1] AndroidManifest.xml:20:5-44
MERGED from [com.android.support:support-compat:27.1.1] AndroidManifest.xml:20:5-44
MERGED from [com.android.support:support-compat:27.1.1] AndroidManifest.xml:20:5-44
MERGED from [android.arch.lifecycle:livedata-core:1.1.0] AndroidManifest.xml:20:5-44
MERGED from [android.arch.lifecycle:livedata-core:1.1.0] AndroidManifest.xml:20:5-44
MERGED from [android.arch.lifecycle:viewmodel:1.1.0] AndroidManifest.xml:20:5-44
MERGED from [android.arch.lifecycle:viewmodel:1.1.0] AndroidManifest.xml:20:5-44
MERGED from [android.arch.lifecycle:runtime:1.1.0] AndroidManifest.xml:20:5-44
MERGED from [android.arch.lifecycle:runtime:1.1.0] AndroidManifest.xml:20:5-44
MERGED from [android.arch.core:runtime:1.1.0] AndroidManifest.xml:20:5-44
MERGED from [android.arch.core:runtime:1.1.0] AndroidManifest.xml:20:5-44
INJECTED from src\main\AndroidManifest.xml
INJECTED from src\main\AndroidManifest.xml
	android:targetSdkVersion
		INJECTED from src\main\AndroidManifest.xml
		ADDED from src\main\AndroidManifest.xml
		INJECTED from src\main\AndroidManifest.xml
	android:minSdkVersion
		INJECTED from src\main\AndroidManifest.xml
		ADDED from src\main\AndroidManifest.xml
		INJECTED from src\main\AndroidManifest.xml
service#com.google.firebase.messaging.FirebaseMessagingService
ADDED from [com.google.firebase:firebase-messaging:17.1.0] AndroidManifest.xml:28:9-34:19
	android:exported
		ADDED from [com.google.firebase:firebase-messaging:17.1.0] AndroidManifest.xml:30:13-36
	android:name
		ADDED from [com.google.firebase:firebase-messaging:17.1.0] AndroidManifest.xml:29:13-82
intent-filter#action:name:com.google.firebase.MESSAGING_EVENT
ADDED from [com.google.firebase:firebase-messaging:17.1.0] AndroidManifest.xml:31:13-33:29
	android:priority
		ADDED from [com.google.firebase:firebase-messaging:17.1.0] AndroidManifest.xml:31:28-51
action#com.google.firebase.MESSAGING_EVENT
ADDED from [com.google.firebase:firebase-messaging:17.1.0] AndroidManifest.xml:32:17-78
	android:name
		ADDED from [com.google.firebase:firebase-messaging:17.1.0] AndroidManifest.xml:32:25-75
uses-permission#android.permission.WAKE_LOCK
ADDED from [com.google.firebase:firebase-iid:16.2.0] AndroidManifest.xml:24:5-68
	android:name
		ADDED from [com.google.firebase:firebase-iid:16.2.0] AndroidManifest.xml:24:22-65
uses-permission#com.google.android.c2dm.permission.RECEIVE
ADDED from [com.google.firebase:firebase-iid:16.2.0] AndroidManifest.xml:26:5-82
	android:name
		ADDED from [com.google.firebase:firebase-iid:16.2.0] AndroidManifest.xml:26:22-79
permission#${applicationId}.permission.C2D_MESSAGE
ADDED from [com.google.firebase:firebase-iid:16.2.0] AndroidManifest.xml:28:5-30:47
	android:protectionLevel
		ADDED from [com.google.firebase:firebase-iid:16.2.0] AndroidManifest.xml:30:9-44
	android:name
		ADDED from [com.google.firebase:firebase-iid:16.2.0] AndroidManifest.xml:29:9-63
permission#dharanyuvi.android.com.articles.permission.C2D_MESSAGE
ADDED from [com.google.firebase:firebase-iid:16.2.0] AndroidManifest.xml:28:5-30:47
	android:protectionLevel
		ADDED from [com.google.firebase:firebase-iid:16.2.0] AndroidManifest.xml:30:9-44
	android:name
		ADDED from [com.google.firebase:firebase-iid:16.2.0] AndroidManifest.xml:29:9-63
uses-permission#${applicationId}.permission.C2D_MESSAGE
ADDED from [com.google.firebase:firebase-iid:16.2.0] AndroidManifest.xml:32:5-79
	android:name
		ADDED from [com.google.firebase:firebase-iid:16.2.0] AndroidManifest.xml:32:22-76
uses-permission#dharanyuvi.android.com.articles.permission.C2D_MESSAGE
ADDED from [com.google.firebase:firebase-iid:16.2.0] AndroidManifest.xml:32:5-79
	android:name
		ADDED from [com.google.firebase:firebase-iid:16.2.0] AndroidManifest.xml:32:22-76
service#com.google.firebase.components.ComponentDiscoveryService
ADDED from [com.google.firebase:firebase-iid:16.2.0] AndroidManifest.xml:35:9-39:19
	android:name
		ADDED from [com.google.firebase:firebase-iid:16.2.0] AndroidManifest.xml:35:18-89
meta-data#com.google.firebase.components:com.google.firebase.iid.Registrar
ADDED from [com.google.firebase:firebase-iid:16.2.0] AndroidManifest.xml:36:13-38:85
	android:value
		ADDED from [com.google.firebase:firebase-iid:16.2.0] AndroidManifest.xml:38:17-82
	android:name
		ADDED from [com.google.firebase:firebase-iid:16.2.0] AndroidManifest.xml:37:17-96
receiver#com.google.firebase.iid.FirebaseInstanceIdReceiver
ADDED from [com.google.firebase:firebase-iid:16.2.0] AndroidManifest.xml:41:9-50:20
	android:exported
		ADDED from [com.google.firebase:firebase-iid:16.2.0] AndroidManifest.xml:43:13-36
	android:permission
		ADDED from [com.google.firebase:firebase-iid:16.2.0] AndroidManifest.xml:44:13-73
	android:name
		ADDED from [com.google.firebase:firebase-iid:16.2.0] AndroidManifest.xml:42:13-78
intent-filter#action:name:com.google.android.c2dm.intent.RECEIVE+category:name:${applicationId}
ADDED from [com.google.firebase:firebase-iid:16.2.0] AndroidManifest.xml:45:13-49:29
intent-filter#action:name:com.google.android.c2dm.intent.RECEIVE+category:name:dharanyuvi.android.com.articles
ADDED from [com.google.firebase:firebase-iid:16.2.0] AndroidManifest.xml:45:13-49:29
action#com.google.android.c2dm.intent.RECEIVE
ADDED from [com.google.firebase:firebase-iid:16.2.0] AndroidManifest.xml:46:17-81
	android:name
		ADDED from [com.google.firebase:firebase-iid:16.2.0] AndroidManifest.xml:46:25-78
category#${applicationId}
ADDED from [com.google.firebase:firebase-iid:16.2.0] AndroidManifest.xml:48:17-61
	android:name
		ADDED from [com.google.firebase:firebase-iid:16.2.0] AndroidManifest.xml:48:27-58
category#dharanyuvi.android.com.articles
ADDED from [com.google.firebase:firebase-iid:16.2.0] AndroidManifest.xml:48:17-61
	android:name
		ADDED from [com.google.firebase:firebase-iid:16.2.0] AndroidManifest.xml:48:27-58
service#com.google.firebase.iid.FirebaseInstanceIdService
ADDED from [com.google.firebase:firebase-iid:16.2.0] AndroidManifest.xml:56:9-62:19
	android:exported
		ADDED from [com.google.firebase:firebase-iid:16.2.0] AndroidManifest.xml:58:13-36
	android:name
		ADDED from [com.google.firebase:firebase-iid:16.2.0] AndroidManifest.xml:57:13-77
intent-filter#action:name:com.google.firebase.INSTANCE_ID_EVENT
ADDED from [com.google.firebase:firebase-iid:16.2.0] AndroidManifest.xml:59:13-61:29
	android:priority
		ADDED from [com.google.firebase:firebase-iid:16.2.0] AndroidManifest.xml:59:28-51
action#com.google.firebase.INSTANCE_ID_EVENT
ADDED from [com.google.firebase:firebase-iid:16.2.0] AndroidManifest.xml:60:17-80
	android:name
		ADDED from [com.google.firebase:firebase-iid:16.2.0] AndroidManifest.xml:60:25-77
provider#com.google.firebase.provider.FirebaseInitProvider
ADDED from [com.google.firebase:firebase-common:16.0.0] AndroidManifest.xml:9:9-13:39
	android:authorities
		ADDED from [com.google.firebase:firebase-common:16.0.0] AndroidManifest.xml:11:13-72
	android:exported
		ADDED from [com.google.firebase:firebase-common:16.0.0] AndroidManifest.xml:12:13-37
	android:initOrder
		ADDED from [com.google.firebase:firebase-common:16.0.0] AndroidManifest.xml:13:13-36
	android:name
		ADDED from [com.google.firebase:firebase-common:16.0.0] AndroidManifest.xml:10:13-77
activity#com.google.android.gms.common.api.GoogleApiActivity
ADDED from [com.google.android.gms:play-services-base:15.0.1] AndroidManifest.xml:23:9-26:75
	android:exported
		ADDED from [com.google.android.gms:play-services-base:15.0.1] AndroidManifest.xml:25:13-37
	android:theme
		ADDED from [com.google.android.gms:play-services-base:15.0.1] AndroidManifest.xml:26:13-72
	android:name
		ADDED from [com.google.android.gms:play-services-base:15.0.1] AndroidManifest.xml:24:13-79
meta-data#com.google.android.gms.version
ADDED from [com.google.android.gms:play-services-basement:15.0.1] AndroidManifest.xml:23:9-25:69
	android:value
		ADDED from [com.google.android.gms:play-services-basement:15.0.1] AndroidManifest.xml:25:13-66
	android:name
		ADDED from [com.google.android.gms:play-services-basement:15.0.1] AndroidManifest.xml:24:13-58